生成启动时间为 2018/8/21 9:44:55。
     1>项目“D:\Github\Derivative-Option-Pricing\XLL.vcxproj”在节点 2 上(Build 个目标)。
     1>ClCompile:
         C:\Program Files (x86)\Microsoft Visual Studio 12.0\VC\bin\x86_amd64\CL.exe /c /I"D:\Github\Derivative-Option-Pricing\include" /I"D:\Github\Derivative-Option-Pricing\optionModel" /I"C:\Program Files (x86)\XLW\xlw-5.0.2f0/xlw/include" /I./source /AI"C:\Program Files (x86)\Reference Assemblies\Microsoft\Framework\.NETFramework\v4.0" /AI"C:\Program Files (x86)\Windows Kits\8.1\References\CommonConfiguration\Neutral" /Zi /clr /nologo /W3 /WX- /O2 /Oi /GL /D WIN32 /D NDEBUG /D _WINDOWS /D _USRDLL /D EXAMPLEXLL_EXPORTS /D _WINDLL /D _UNICODE /D UNICODE /EHa /MD /GS /Gy /fp:precise /Zc:wchar_t /Zc:forScope /Fo"x64_Release/obj\\" /Fd"x64_Release/obj\vc120.pdb" /TP /FU"C:\Program Files (x86)\Reference Assemblies\Microsoft\Framework\.NETFramework\v4.0\mscorlib.dll" /FU"C:\Program Files (x86)\Reference Assemblies\Microsoft\Framework\.NETFramework\v4.0\System.Data.dll" /FU"C:\Program Files (x86)\Reference Assemblies\Microsoft\Framework\.NETFramework\v4.0\System.dll" /FU"C:\Program Files (x86)\Reference Assemblies\Microsoft\Framework\.NETFramework\v4.0\System.Drawing.dll" /FU"C:\Program Files (x86)\Reference Assemblies\Microsoft\Framework\.NETFramework\v4.0\System.Windows.Forms.dll" /FU"C:\Program Files (x86)\Reference Assemblies\Microsoft\Framework\.NETFramework\v4.0\System.Xml.dll" /errorReport:prompt /clr:nostdlib AutoGeneratedSource\mxlwcppinterface.cpp
         mxlwcppinterface.cpp
         C:\Program Files (x86)\Microsoft Visual Studio 12.0\VC\bin\x86_amd64\CL.exe /c /I"D:\Github\Derivative-Option-Pricing\include" /I"D:\Github\Derivative-Option-Pricing\optionModel" /I"C:\Program Files (x86)\XLW\xlw-5.0.2f0/xlw/include" /I./source /Zi /nologo /W3 /WX- /O2 /Oi /GL /D WIN32 /D NDEBUG /D _WINDOWS /D _USRDLL /D EXAMPLEXLL_EXPORTS /D _WINDLL /D _UNICODE /D UNICODE /EHa /MD /GS /Gy /fp:precise /Zc:wchar_t /Zc:forScope /Fo"x64_Release/obj\\" /Fd"x64_Release/obj\vc120.pdb" /TP /errorReport:prompt AutoGeneratedSource\xlwcppinterface.cpp
         xlwcppinterface.cpp
       Link:
         C:\Program Files (x86)\Microsoft Visual Studio 12.0\VC\bin\x86_amd64\link.exe /ERRORREPORT:PROMPT /OUT:"D:\Github\Derivative-Option-Pricing\x64_Release\Template.xll" /INCREMENTAL:NO /NOLOGO /LIBPATH:"C:\Program Files (x86)\XLW\xlw-5.0.2f0/xlw/lib/x64" /LIBPATH:lib_win64 /LIBPATH:"D:\Github\Derivative-Option-Pricing\x64_Release\\" "xlw-vc120-mt-5_0_2f0.lib" odbc32.lib odbccp32.lib User32.lib lapack_win64_MT.lib blas_win64_MT.lib kernel32.lib user32.lib gdi32.lib winspool.lib comdlg32.lib advapi32.lib shell32.lib ole32.lib oleaut32.lib uuid.lib odbc32.lib odbccp32.lib /MANIFEST /MANIFESTUAC:"level='asInvoker' uiAccess='false'" /manifest:embed /DEBUG /PDB:"D:\Github\Derivative-Option-Pricing\x64_Release\Template.pdb" /SUBSYSTEM:WINDOWS /OPT:REF /OPT:ICF /LTCG /TLBID:1 /DYNAMICBASE:NO /FIXED:NO /MACHINE:X64 /DLL x64_Release/obj\mxlwcppinterface.obj
         x64_Release/obj\xlwcppinterface.obj
         x64_Release/obj\algorithmLib.obj
         x64_Release/obj\americanPrice.obj
         x64_Release/obj\asianBarrier.obj
         x64_Release/obj\asianPrice.obj
         x64_Release/obj\barrierPrice.obj
         x64_Release/obj\digital.obj
         x64_Release/obj\europeanPrice.obj
         x64_Release/obj\option.obj
         x64_Release/obj\spreadEuropean.obj
         x64_Release/obj\structure.obj
         x64_Release/obj\source.obj
         "x64_Release/obj\.NETFramework,Version=v4.0.AssemblyAttributes.obj"
            正在创建库 D:\Github\Derivative-Option-Pricing\x64_Release\Template.lib 和对象 D:\Github\Derivative-Option-Pricing\x64_Release\Template.exp
         正在生成代码
         已完成代码的生成
         XLL.vcxproj -> D:\Github\Derivative-Option-Pricing\x64_Release\Template.xll
     1>已完成生成项目“D:\Github\Derivative-Option-Pricing\XLL.vcxproj”(Build 个目标)的操作。

生成成功。

已用时间 00:00:04.16
