生成启动时间为 2018/8/21 10:12:29。
     1>项目“D:\Github\Derivative-Option-Pricing\RunInterfaceGenerator.vcxproj”在节点 2 上(Build 个目标)。
     1>Build:
         "C:\Program Files (x86)\Microsoft Visual Studio 12.0\Common7\Tools\..\..\VC\bin\NMAKE" /f ".\RunInterfaceGenerator.nmake" ENVIRON=Release LIBRARY=Template VC=vc12  ALL 
         
         Microsoft (R) 程序维护实用工具 12.00.21005.1 版
         版权所有 (C) Microsoft Corporation。  保留所有权利。
         
         	"C:\Program Files (x86)\XLW\xlw-5.0.2f0\xlw\build\vc12\Release\InterfaceGenerator.exe" -m source\cppinterface.h AutoGeneratedSource
         XLW InterfaceGenerator
         Copyright (c) XLW Project 2006-2011. All Rights Reserved
         manged file has been read in
         manged file has been tokenized
         manged file has been stripped
         managed_flag file has been function modeled
         managed_flag file has been function described
          .. writing AutoGeneratedSource/mxlwcppinterface.h
          .. writing AutoGeneratedSource/mxlwcppinterface.cpp
         file has been read in
         file has been tokenized
         file has been stripped
         file has been function modeled
         file has been function described
          .. writing AutoGeneratedSource/xlwcppinterface.cpp
         new file is a vector
         all done
     1>已完成生成项目“D:\Github\Derivative-Option-Pricing\RunInterfaceGenerator.vcxproj”(Build 个目标)的操作。

生成成功。

已用时间 00:00:00.28
